<?xml version="1.0" encoding="UTF-8"?>
<!-- Generated by org.testng.reporters.JUnitReportReporter -->
<testsuite hostname="SHISHIR" failures="0" tests="1" name="campusConnect.testcases.VisaAssistanceTest" time="102.447" errors="0" timestamp="2023-11-27T15:52:05 BDT" skipped="0">
  <testcase classname="campusConnect.testcases.VisaAssistanceTest" name="visaAssistanceProductAddToCartTest" time="102.447"/>
  <system-out/>
</testsuite> <!-- campusConnect.testcases.VisaAssistanceTest -->
