<?xml version="1.0" encoding="UTF-8"?>
<!-- Generated by org.testng.reporters.JUnitReportReporter -->
<testsuite hostname="SHISHIR" failures="0" tests="1" name="campusConnect.testcases.PreI20Test" time="56.515" errors="0" timestamp="2023-11-27T15:52:05 BDT" skipped="0">
  <testcase classname="campusConnect.testcases.PreI20Test" name="preI20ProductAddToCartTest" time="56.515"/>
  <system-out/>
</testsuite> <!-- campusConnect.testcases.PreI20Test -->
