<?xml version="1.0" encoding="UTF-8"?>
<!-- Generated by org.testng.reporters.JUnitReportReporter -->
<testsuite hostname="SHISHIR" failures="0" tests="1" name="campusConnect.testcases.HomePageUrlAndButtonTest" time="28.028" errors="0" timestamp="2023-11-24T00:06:08 BDT" skipped="0">
  <testcase classname="campusConnect.testcases.HomePageUrlAndButtonTest" name="adhocButton" time="28.028"/>
  <system-out/>
</testsuite> <!-- campusConnect.testcases.HomePageUrlAndButtonTest -->
